<?xml version="1.0" encoding="UTF-8"?>
<!-- Generated by org.testng.reporters.JUnitXMLReporter -->
<testsuite ignored="0" hostname="DESKTOP-UBOQT3A" failures="1" tests="6" name="Login" time="55.901" errors="0" timestamp="2020-07-07T00:53:09 IST">
  <testcase classname="framework.ValidateText" name="checkText" time="19.057">
    <failure type="java.lang.AssertionError" message="expected [Spicejet123456] but found []">
      <![CDATA[java.lang.AssertionError: expected [Spicejet123456] but found []
at framework.ValidateText.checkText(ValidateText.java:27)
at java.base/java.util.ArrayList.forEach(ArrayList.java:1540)
at java.base/java.util.concurrent.FutureTask.run(FutureTask.java:264)
at java.base/java.util.concurrent.ThreadPoolExecutor.runWorker(ThreadPoolExecutor.java:1128)
at java.base/java.util.concurrent.ThreadPoolExecutor$Worker.run(ThreadPoolExecutor.java:628)
at java.base/java.lang.Thread.run(Thread.java:834)
... Removed 23 stack frames]]>
    </failure>
  </testcase> <!-- checkText -->
  <testcase classname="framework.Signup" name="signup" time="26.461"/>
  <testcase classname="framework.Login" name="login" time="31.646"/>
  <testcase classname="framework.HomePage" name="searchFlights" time="33.194"/>
  <testcase classname="framework.Signup" name="signup" time="15.176"/>
  <testcase classname="framework.Login" name="login" time="24.175"/>
</testsuite> <!-- Login -->
