<?xml version="1.0" encoding="UTF-8"?>
<!-- Generated by org.testng.reporters.JUnitXMLReporter -->
<testsuite ignored="0" hostname="DESKTOP-UBOQT3A" failures="1" tests="5" name="Test" time="90.738" errors="0" timestamp="2020-07-07T00:36:17 IST">
  <testcase classname="framework.Login" name="login" time="22.984"/>
  <testcase classname="framework.Login" name="login" time="25.637"/>
  <testcase classname="framework.Signup" name="signup" time="17.161"/>
  <testcase classname="framework.Signup" name="signup" time="14.648"/>
  <testcase classname="framework.ValidateText" name="checkText" time="9.796">
    <failure type="java.lang.AssertionError" message="expected [Spicejet123456] but found []">
      <![CDATA[java.lang.AssertionError: expected [Spicejet123456] but found []
at framework.ValidateText.checkText(ValidateText.java:27)
at java.base/java.util.ArrayList.forEach(ArrayList.java:1540)
at java.base/java.util.concurrent.FutureTask.run(FutureTask.java:264)
at java.base/java.util.concurrent.ThreadPoolExecutor.runWorker(ThreadPoolExecutor.java:1128)
at java.base/java.util.concurrent.ThreadPoolExecutor$Worker.run(ThreadPoolExecutor.java:628)
at java.base/java.lang.Thread.run(Thread.java:834)
... Removed 23 stack frames]]>
    </failure>
  </testcase> <!-- checkText -->
</testsuite> <!-- Test -->
