<?xml version="1.0" encoding="UTF-8"?>
<!-- Generated by org.testng.reporters.JUnitXMLReporter -->
<testsuite ignored="0" hostname="DESKTOP-UBOQT3A" failures="1" tests="4" name="Signup" time="32.735" errors="0" timestamp="2020-07-07T02:26:57 IST">
  <testcase classname="framework.ValidateText" name="checkText" time="0.269">
    <failure type="java.lang.AssertionError" message="expected [Spicejet123456] but found []">
      <![CDATA[java.lang.AssertionError: expected [Spicejet123456] but found []
at framework.ValidateText.checkText(ValidateText.java:35)
at java.base/java.util.ArrayList.forEach(ArrayList.java:1540)
at java.base/java.util.concurrent.FutureTask.run(FutureTask.java:264)
at java.base/java.util.concurrent.ThreadPoolExecutor.runWorker(ThreadPoolExecutor.java:1128)
at java.base/java.util.concurrent.ThreadPoolExecutor$Worker.run(ThreadPoolExecutor.java:628)
at java.base/java.lang.Thread.run(Thread.java:834)
... Removed 23 stack frames]]>
    </failure>
  </testcase> <!-- checkText -->
  <testcase classname="framework.Login" name="login" time="2.016"/>
  <testcase classname="framework.Login" name="login" time="0.804"/>
  <testcase classname="framework.Signup" name="signup" time="8.544"/>
</testsuite> <!-- Signup -->
