-------------------------------------------------------------------------------
Test set: TestSuite
-------------------------------------------------------------------------------
Tests run: 5, Failures: 1, Errors: 0, Skipped: 0, Time elapsed: 42.746 s <<< FAILURE! - in TestSuite
framework.ValidateText.checkText  Time elapsed: 0.003 s  <<< FAILURE!
java.lang.AssertionError: expected [Spicejet123456] but found []
	at framework.ValidateText.checkText(ValidateText.java:35)

