<?xml version="1.0" encoding="UTF-8"?>
<testng-results ignored="0" total="2" passed="2" failed="0" skipped="0">
  <reporter-output>
  </reporter-output>
  <suite started-at="2020-07-07T02:26:24 IST" name="Suite" finished-at="2020-07-07T02:27:05 IST" duration-ms="41102">
    <groups>
    </groups>
    <test started-at="2020-07-07T02:26:24 IST" name="Signup" finished-at="2020-07-07T02:26:57 IST" duration-ms="32735">
      <class name="framework.Signup">
        <test-method is-config="true" signature="signupInitialize()[pri:0, instance:framework.Signup@5e8f9e2d]" started-at="2020-07-07T02:26:24 IST" name="signupInitialize" finished-at="2020-07-07T02:26:44 IST" duration-ms="19725" status="PASS">
          <reporter-output>
          </reporter-output>
        </test-method> <!-- signupInitialize -->
        <test-method signature="signup(java.lang.String, java.lang.String, java.lang.String, java.lang.String, java.lang.String, java.lang.String)[pri:0, instance:framework.Signup@5e8f9e2d]" started-at="2020-07-07T02:26:44 IST" name="signup" data-provider="getSignUpData" finished-at="2020-07-07T02:26:52 IST" duration-ms="8544" status="PASS">
          <params>
            <param index="0">
              <value>
                <![CDATA[Ankur]]>
              </value>
            </param>
            <param index="1">
              <value>
                <![CDATA[Chauhan]]>
              </value>
            </param>
            <param index="2">
              <value>
                <![CDATA[9455785685]]>
              </value>
            </param>
            <param index="3">
              <value>
                <![CDATA[@Qwerty123456]]>
              </value>
            </param>
            <param index="4">
              <value>
                <![CDATA[@Qwerty123456]]>
              </value>
            </param>
            <param index="5">
              <value>
                <![CDATA[ankur@gmail.com]]>
              </value>
            </param>
          </params>
          <reporter-output>
          </reporter-output>
        </test-method> <!-- signup -->
        <test-method is-config="true" signature="signupEnd()[pri:0, instance:framework.Signup@5e8f9e2d]" started-at="2020-07-07T02:26:52 IST" name="signupEnd" finished-at="2020-07-07T02:26:57 IST" duration-ms="4430" status="PASS">
          <reporter-output>
          </reporter-output>
        </test-method> <!-- signupEnd -->
      </class> <!-- framework.Signup -->
    </test> <!-- Signup -->
    <test started-at="2020-07-07T02:26:24 IST" name="HomePage" finished-at="2020-07-07T02:27:05 IST" duration-ms="41102">
      <class name="framework.HomePage">
        <test-method is-config="true" signature="searchFlightsInitialize()[pri:0, instance:framework.HomePage@4c168660]" started-at="2020-07-07T02:26:24 IST" name="searchFlightsInitialize" finished-at="2020-07-07T02:26:53 IST" duration-ms="29077" status="PASS">
          <reporter-output>
          </reporter-output>
        </test-method> <!-- searchFlightsInitialize -->
        <test-method signature="searchFlights()[pri:0, instance:framework.HomePage@4c168660]" started-at="2020-07-07T02:26:53 IST" name="searchFlights" finished-at="2020-07-07T02:27:05 IST" duration-ms="11921" status="PASS">
          <reporter-output>
          </reporter-output>
        </test-method> <!-- searchFlights -->
        <test-method is-config="true" signature="searchFlightsEnd()[pri:0, instance:framework.HomePage@4c168660]" started-at="2020-07-07T02:27:05 IST" name="searchFlightsEnd" finished-at="2020-07-07T02:27:05 IST" duration-ms="94" status="PASS">
          <reporter-output>
          </reporter-output>
        </test-method> <!-- searchFlightsEnd -->
      </class> <!-- framework.HomePage -->
    </test> <!-- HomePage -->
  </suite> <!-- Suite -->
</testng-results>
